<?xml version="1.0" encoding="UTF-8"?>
<testng-results ignored="0" total="1" passed="1" failed="0" skipped="0">
  <reporter-output>
  </reporter-output>
  <suite started-at="2025-03-14T11:55:51 IST" name="Suite" finished-at="2025-03-14T11:55:58 IST" duration-ms="7723">
    <groups>
    </groups>
    <test started-at="2025-03-14T11:55:51 IST" name="Test" finished-at="2025-03-14T11:55:58 IST" duration-ms="7723">
      <class name="test.LoginTest">
        <test-method is-config="true" signature="setup()[pri:0, instance:test.LoginTest@37f1104d]" started-at="2025-03-14T11:55:51 IST" name="setup" finished-at="2025-03-14T11:55:55 IST" duration-ms="4762" status="PASS">
          <reporter-output>
          </reporter-output>
        </test-method> <!-- setup -->
        <test-method is-config="true" signature="setupReport()[pri:0, instance:test.LoginTest@37f1104d]" started-at="2025-03-14T11:55:55 IST" name="setupReport" finished-at="2025-03-14T11:55:56 IST" duration-ms="343" status="PASS">
          <reporter-output>
          </reporter-output>
        </test-method> <!-- setupReport -->
        <test-method signature="testLogin(java.lang.String,java.lang.String)[pri:0, instance:test.LoginTest@37f1104d]" started-at="2025-03-14T11:55:57 IST" name="testLogin" data-provider="loginData" finished-at="2025-03-14T11:55:58 IST" duration-ms="769" status="PASS">
          <params>
            <param index="0">
              <value>
                <![CDATA[standard_user]]>
              </value>
            </param>
            <param index="1">
              <value>
                <![CDATA[secret_sauce]]>
              </value>
            </param>
          </params>
          <reporter-output>
          </reporter-output>
        </test-method> <!-- testLogin -->
        <test-method is-config="true" signature="tearDown()[pri:0, instance:test.LoginTest@37f1104d]" started-at="2025-03-14T11:55:58 IST" name="tearDown" finished-at="2025-03-14T11:55:58 IST" duration-ms="268" status="PASS">
          <reporter-output>
          </reporter-output>
        </test-method> <!-- tearDown -->
        <test-method is-config="true" signature="tearDownReport()[pri:0, instance:test.LoginTest@37f1104d]" started-at="2025-03-14T11:55:58 IST" name="tearDownReport" finished-at="2025-03-14T11:55:58 IST" duration-ms="380" status="PASS">
          <reporter-output>
          </reporter-output>
        </test-method> <!-- tearDownReport -->
      </class> <!-- test.LoginTest -->
    </test> <!-- Test -->
  </suite> <!-- Suite -->
</testng-results>
