<?xml version="1.0" encoding="UTF-8"?>
<testng-results ignored="0" total="1" passed="1" failed="0" skipped="0">
  <reporter-output>
  </reporter-output>
  <suite started-at="2025-03-15T10:24:34 IST" name="Default suite" finished-at="2025-03-15T10:24:38 IST" duration-ms="3859">
    <groups>
    </groups>
    <test started-at="2025-03-15T10:24:34 IST" name="Default test" finished-at="2025-03-15T10:24:38 IST" duration-ms="3859">
      <class name="test.java.JenkinsDemoRun">
        <test-method signature="jenkinsTest()[pri:0, instance:test.java.JenkinsDemoRun@292b08d6]" started-at="2025-03-15T10:24:34 IST" name="jenkinsTest" finished-at="2025-03-15T10:24:38 IST" duration-ms="3793" status="PASS">
          <reporter-output>
          </reporter-output>
        </test-method> <!-- jenkinsTest -->
      </class> <!-- test.java.JenkinsDemoRun -->
    </test> <!-- Default test -->
  </suite> <!-- Default suite -->
</testng-results>
